<?xml version="1.0" encoding="UTF-8"?>
<!-- Generated by org.testng.reporters.JUnitReportReporter -->
<testsuite name="Launch_url.MainClass" tests="1" time="2.763" ignored="0" failures="0" timestamp="16 Feb 2020 10:08:26 GMT" skipped="0" hostname="LAPTOP-6QL6BV50" errors="1">
  <testcase name="fbLogin" time="2.763" classname="Launch_url.MainClass">
    <error type="org.openqa.selenium.SessionNotCreatedException" message="session not created: This version of ChromeDriver only supports Chrome version 78
Build info: version: &#039;3.14.0&#039;, revision: &#039;aacccce0&#039;, time: &#039;2018-08-02T20:13:22.693Z&#039;
System info: host: &#039;LAPTOP-6QL6BV50&#039;, ip: &#039;10.102.37.150&#039;, os.name: &#039;Windows 10&#039;, os.arch: &#039;amd64&#039;, os.version: &#039;10.0&#039;, java.version: &#039;1.8.0_241&#039;
Driver info: driver.version: ChromeDriver
remote stacktrace: Backtrace:
	Ordinal0 [0x0029A923+1550627]
	Ordinal0 [0x0021A731+1025841]
	Ordinal0 [0x0019C715+509717]
	Ordinal0 [0x0012FC68+64616]
	Ordinal0 [0x0012C594+50580]
	Ordinal0 [0x0014ACE7+175335]
	Ordinal0 [0x0014A8ED+174317]
	Ordinal0 [0x00148CDB+167131]
	Ordinal0 [0x0013144A+70730]
	Ordinal0 [0x001324D0+74960]
	Ordinal0 [0x00132469+74857]
	Ordinal0 [0x002342F7+1131255]
	GetHandleVerifier [0x0033711D+523789]
	GetHandleVerifier [0x00336EB0+523168]
	GetHandleVerifier [0x0033E207+552695]
	GetHandleVerifier [0x0033791A+525834]
	Ordinal0 [0x0022B82C+1095724]
	Ordinal0 [0x0023636B+1139563]
	Ordinal0 [0x002364D3+1139923]
	Ordinal0 [0x00235455+1135701]
	BaseThreadInitThunk [0x75D66359+25]
	RtlGetAppContainerNamedObjectPath [0x775C7B74+228]
	RtlGetAppContainerNamedObjectPath [0x775C7B44+180]
">
      <![CDATA[org.openqa.selenium.SessionNotCreatedException: session not created: This version of ChromeDriver only supports Chrome version 78
Build info: version: '3.14.0', revision: 'aacccce0', time: '2018-08-02T20:13:22.693Z'
System info: host: 'LAPTOP-6QL6BV50', ip: '10.102.37.150', os.name: 'Windows 10', os.arch: 'amd64', os.version: '10.0', java.version: '1.8.0_241'
Driver info: driver.version: ChromeDriver
remote stacktrace: Backtrace:
	Ordinal0 [0x0029A923+1550627]
	Ordinal0 [0x0021A731+1025841]
	Ordinal0 [0x0019C715+509717]
	Ordinal0 [0x0012FC68+64616]
	Ordinal0 [0x0012C594+50580]
	Ordinal0 [0x0014ACE7+175335]
	Ordinal0 [0x0014A8ED+174317]
	Ordinal0 [0x00148CDB+167131]
	Ordinal0 [0x0013144A+70730]
	Ordinal0 [0x001324D0+74960]
	Ordinal0 [0x00132469+74857]
	Ordinal0 [0x002342F7+1131255]
	GetHandleVerifier [0x0033711D+523789]
	GetHandleVerifier [0x00336EB0+523168]
	GetHandleVerifier [0x0033E207+552695]
	GetHandleVerifier [0x0033791A+525834]
	Ordinal0 [0x0022B82C+1095724]
	Ordinal0 [0x0023636B+1139563]
	Ordinal0 [0x002364D3+1139923]
	Ordinal0 [0x00235455+1135701]
	BaseThreadInitThunk [0x75D66359+25]
	RtlGetAppContainerNamedObjectPath [0x775C7B74+228]
	RtlGetAppContainerNamedObjectPath [0x775C7B44+180]

	at sun.reflect.NativeConstructorAccessorImpl.newInstance0(Native Method)
	at sun.reflect.NativeConstructorAccessorImpl.newInstance(Unknown Source)
	at sun.reflect.DelegatingConstructorAccessorImpl.newInstance(Unknown Source)
	at java.lang.reflect.Constructor.newInstance(Unknown Source)
	at org.openqa.selenium.remote.W3CHandshakeResponse.lambda$new$0(W3CHandshakeResponse.java:57)
	at org.openqa.selenium.remote.W3CHandshakeResponse.lambda$getResponseFunction$2(W3CHandshakeResponse.java:104)
	at org.openqa.selenium.remote.ProtocolHandshake.lambda$createSession$0(ProtocolHandshake.java:122)
	at java.util.stream.ReferencePipeline$3$1.accept(Unknown Source)
	at java.util.Spliterators$ArraySpliterator.tryAdvance(Unknown Source)
	at java.util.stream.ReferencePipeline.forEachWithCancel(Unknown Source)
	at java.util.stream.AbstractPipeline.copyIntoWithCancel(Unknown Source)
	at java.util.stream.AbstractPipeline.copyInto(Unknown Source)
	at java.util.stream.AbstractPipeline.wrapAndCopyInto(Unknown Source)
	at java.util.stream.FindOps$FindOp.evaluateSequential(Unknown Source)
	at java.util.stream.AbstractPipeline.evaluate(Unknown Source)
	at java.util.stream.ReferencePipeline.findFirst(Unknown Source)
	at org.openqa.selenium.remote.ProtocolHandshake.createSession(ProtocolHandshake.java:125)
	at org.openqa.selenium.remote.ProtocolHandshake.createSession(ProtocolHandshake.java:73)
	at org.openqa.selenium.remote.HttpCommandExecutor.execute(HttpCommandExecutor.java:136)
	at org.openqa.selenium.remote.service.DriverCommandExecutor.execute(DriverCommandExecutor.java:83)
	at org.openqa.selenium.remote.RemoteWebDriver.execute(RemoteWebDriver.java:548)
	at org.openqa.selenium.remote.RemoteWebDriver.startSession(RemoteWebDriver.java:212)
	at org.openqa.selenium.remote.RemoteWebDriver.<init>(RemoteWebDriver.java:130)
	at org.openqa.selenium.chrome.ChromeDriver.<init>(ChromeDriver.java:181)
	at org.openqa.selenium.chrome.ChromeDriver.<init>(ChromeDriver.java:168)
	at org.openqa.selenium.chrome.ChromeDriver.<init>(ChromeDriver.java:123)
	at Launch_url.MainClass.fbLogin(MainClass.java:13)
	at sun.reflect.NativeMethodAccessorImpl.invoke0(Native Method)
	at sun.reflect.NativeMethodAccessorImpl.invoke(Unknown Source)
	at sun.reflect.DelegatingMethodAccessorImpl.invoke(Unknown Source)
	at java.lang.reflect.Method.invoke(Unknown Source)
	at org.testng.internal.MethodInvocationHelper.invokeMethod(MethodInvocationHelper.java:104)
	at org.testng.internal.Invoker.invokeMethod(Invoker.java:645)
	at org.testng.internal.Invoker.invokeTestMethod(Invoker.java:851)
	at org.testng.internal.Invoker.invokeTestMethods(Invoker.java:1177)
	at org.testng.internal.TestMethodWorker.invokeTestMethods(TestMethodWorker.java:129)
	at org.testng.internal.TestMethodWorker.run(TestMethodWorker.java:112)
	at org.testng.TestRunner.privateRun(TestRunner.java:756)
	at org.testng.TestRunner.run(TestRunner.java:610)
	at org.testng.SuiteRunner.runTest(SuiteRunner.java:387)
	at org.testng.SuiteRunner.runSequentially(SuiteRunner.java:382)
	at org.testng.SuiteRunner.privateRun(SuiteRunner.java:340)
	at org.testng.SuiteRunner.run(SuiteRunner.java:289)
	at org.testng.SuiteRunnerWorker.runSuite(SuiteRunnerWorker.java:52)
	at org.testng.SuiteRunnerWorker.run(SuiteRunnerWorker.java:86)
	at org.testng.TestNG.runSuitesSequentially(TestNG.java:1293)
	at org.testng.TestNG.runSuitesLocally(TestNG.java:1218)
	at org.testng.TestNG.runSuites(TestNG.java:1133)
	at org.testng.TestNG.run(TestNG.java:1104)
	at org.testng.remote.AbstractRemoteTestNG.run(AbstractRemoteTestNG.java:132)
	at org.testng.remote.RemoteTestNG.initAndRun(RemoteTestNG.java:236)
	at org.testng.remote.RemoteTestNG.main(RemoteTestNG.java:81)
]]>
    </error>
  </testcase> <!-- fbLogin -->
</testsuite> <!-- Launch_url.MainClass -->
